Determining if the pthread_create exist failed with the following output:
Change Dir: /home/tinkerboard/altnheqminer/nheqminer/nheqminer/build/CMakeFiles/CMakeTmp

Run Build Command:"/usr/bin/make" "cmTC_47aa7/fast"
/usr/bin/make -f CMakeFiles/cmTC_47aa7.dir/build.make CMakeFiles/cmTC_47aa7.dir/build
make[1]: Entering directory '/home/tinkerboard/altnheqminer/nheqminer/nheqminer/build/CMakeFiles/CMakeTmp'
Building C object CMakeFiles/cmTC_47aa7.dir/CheckSymbolExists.c.o
/usr/bin/cc    -march=native    -o CMakeFiles/cmTC_47aa7.dir/CheckSymbolExists.c.o   -c /home/tinkerboard/altnheqminer/nheqminer/nheqminer/build/CMakeFiles/CMakeTmp/CheckSymbolExists.c
Linking C executable cmTC_47aa7
/usr/bin/cmake -E cmake_link_script CMakeFiles/cmTC_47aa7.dir/link.txt --verbose=1
/usr/bin/cc   -march=native     CMakeFiles/cmTC_47aa7.dir/CheckSymbolExists.c.o  -o cmTC_47aa7 -rdynamic 
CMakeFiles/cmTC_47aa7.dir/CheckSymbolExists.c.o: In function `main':
CheckSymbolExists.c:(.text+0xe): undefined reference to `pthread_create'
CheckSymbolExists.c:(.text+0x12): undefined reference to `pthread_create'
collect2: error: ld returned 1 exit status
CMakeFiles/cmTC_47aa7.dir/build.make:97: recipe for target 'cmTC_47aa7' failed
make[1]: *** [cmTC_47aa7] Error 1
make[1]: Leaving directory '/home/tinkerboard/altnheqminer/nheqminer/nheqminer/build/CMakeFiles/CMakeTmp'
Makefile:126: recipe for target 'cmTC_47aa7/fast' failed
make: *** [cmTC_47aa7/fast] Error 2

File /home/tinkerboard/altnheqminer/nheqminer/nheqminer/build/CMakeFiles/CMakeTmp/CheckSymbolExists.c:
/* */
#include <pthread.h>

int main(int argc, char** argv)
{
  (void)argv;
#ifndef pthread_create
  return ((int*)(&pthread_create))[argc];
#else
  (void)argc;
  return 0;
#endif
}

Determining if the function pthread_create exists in the pthreads failed with the following output:
Change Dir: /home/tinkerboard/altnheqminer/nheqminer/nheqminer/build/CMakeFiles/CMakeTmp

Run Build Command:"/usr/bin/make" "cmTC_33711/fast"
/usr/bin/make -f CMakeFiles/cmTC_33711.dir/build.make CMakeFiles/cmTC_33711.dir/build
make[1]: Entering directory '/home/tinkerboard/altnheqminer/nheqminer/nheqminer/build/CMakeFiles/CMakeTmp'
Building C object CMakeFiles/cmTC_33711.dir/CheckFunctionExists.c.o
/usr/bin/cc    -march=native -DCHECK_FUNCTION_EXISTS=pthread_create   -o CMakeFiles/cmTC_33711.dir/CheckFunctionExists.c.o   -c /usr/share/cmake-3.5/Modules/CheckFunctionExists.c
Linking C executable cmTC_33711
/usr/bin/cmake -E cmake_link_script CMakeFiles/cmTC_33711.dir/link.txt --verbose=1
/usr/bin/cc   -march=native -DCHECK_FUNCTION_EXISTS=pthread_create    CMakeFiles/cmTC_33711.dir/CheckFunctionExists.c.o  -o cmTC_33711 -rdynamic -lpthreads 
/usr/bin/ld: cannot find -lpthreads
collect2: error: ld returned 1 exit status
CMakeFiles/cmTC_33711.dir/build.make:97: recipe for target 'cmTC_33711' failed
make[1]: *** [cmTC_33711] Error 1
make[1]: Leaving directory '/home/tinkerboard/altnheqminer/nheqminer/nheqminer/build/CMakeFiles/CMakeTmp'
Makefile:126: recipe for target 'cmTC_33711/fast' failed
make: *** [cmTC_33711/fast] Error 2


